<?xml version="1.0" encoding="UTF-8"?>
<testng-results skipped="0" failed="0" ignored="0" total="1" passed="1">
  <reporter-output>
  </reporter-output>
  <suite name="Default suite" duration-ms="15548" started-at="2020-07-23T19:59:08 CDT" finished-at="2020-07-23T19:59:23 CDT">
    <groups>
    </groups>
    <test name="Default test" duration-ms="15548" started-at="2020-07-23T19:59:08 CDT" finished-at="2020-07-23T19:59:23 CDT">
      <class name="test.AddCustomerTest">
        <test-method status="PASS" signature="ValidUserShouldBeAddCustomer()[pri:0, instance:test.AddCustomerTest@443118b0]" name="ValidUserShouldBeAddCustomer" duration-ms="15508" started-at="2020-07-23T19:59:08 CDT" finished-at="2020-07-23T19:59:23 CDT">
          <reporter-output>
          </reporter-output>
        </test-method> <!-- ValidUserShouldBeAddCustomer -->
      </class> <!-- test.AddCustomerTest -->
    </test> <!-- Default test -->
  </suite> <!-- Default suite -->
</testng-results>
